<?xml version="1.0" encoding="UTF-8"?>
<!-- Generated by org.testng.reporters.JUnitReportReporter -->
<testsuite hostname="Nabeela" failures="0" tests="1" name="TestNG.FirstTest" time="0.547" errors="0" timestamp="2022-10-07T13:30:14 EDT" skipped="0">
  <testcase classname="TestNG.FirstTest" name="amazonKeys" time="0.547"/>
  <system-out/>
</testsuite> <!-- TestNG.FirstTest -->
