<?xml version="1.0" encoding="UTF-8"?>
<!-- Generated by org.testng.reporters.JUnitReportReporter -->
<testsuite hostname="Nabeela" failures="0" tests="3" name="TestNG.FirstTestNG" time="0.017" errors="0" timestamp="2022-10-07T12:15:48 EDT" skipped="0">
  <testcase classname="TestNG.FirstTestNG" name="Test2" time="0.001"/>
  <system-out/>
  <testcase classname="TestNG.FirstTestNG" name="Test1" time="0.010"/>
  <system-out/>
  <testcase classname="TestNG.FirstTestNG" name="Test3" time="0.006"/>
  <system-out/>
</testsuite> <!-- TestNG.FirstTestNG -->
